<?xml version="1.0" encoding="UTF-8"?>
<testng-results ignored="0" total="2" passed="2" failed="0" skipped="0">
  <reporter-output>
  </reporter-output>
  <suite started-at="2024-03-10T12:22:24 IST" name="Default suite" finished-at="2024-03-10T12:22:48 IST" duration-ms="24522">
    <groups>
    </groups>
    <test started-at="2024-03-10T12:22:24 IST" name="Default test" finished-at="2024-03-10T12:22:48 IST" duration-ms="24522">
      <class name="Practice_Selenium.Practice_Mar_24.Dataprovider_program">
        <test-method signature="f(java.lang.String)[pri:0, instance:Practice_Selenium.Practice_Mar_24.Dataprovider_program@1e6a3214]" started-at="2024-03-10T12:22:24 IST" name="f" data-provider="dp" finished-at="2024-03-10T12:22:43 IST" duration-ms="18649" status="PASS">
          <params>
            <param index="0">
              <value>
                <![CDATA[chrome]]>
              </value>
            </param>
          </params>
          <reporter-output>
          </reporter-output>
        </test-method> <!-- f -->
        <test-method signature="f(java.lang.String)[pri:0, instance:Practice_Selenium.Practice_Mar_24.Dataprovider_program@1e6a3214]" started-at="2024-03-10T12:22:24 IST" name="f" data-provider="dp" finished-at="2024-03-10T12:22:48 IST" duration-ms="24367" status="PASS">
          <params>
            <param index="0">
              <value>
                <![CDATA[edge]]>
              </value>
            </param>
          </params>
          <reporter-output>
          </reporter-output>
        </test-method> <!-- f -->
      </class> <!-- Practice_Selenium.Practice_Mar_24.Dataprovider_program -->
    </test> <!-- Default test -->
  </suite> <!-- Default suite -->
</testng-results>
