<?xml version="1.0" encoding="UTF-8"?>
<testng-results ignored="0" total="1" passed="1" failed="0" skipped="0">
  <reporter-output>
  </reporter-output>
  <suite started-at="2023-03-31T19:24:20 IST" name="Default suite" finished-at="2023-03-31T19:24:51 IST" duration-ms="31112">
    <groups>
    </groups>
    <test started-at="2023-03-31T19:24:20 IST" name="Default test" finished-at="2023-03-31T19:24:51 IST" duration-ms="31112">
      <class name="Practice_Selenium.MakeMyTrip_booking_Task">
        <test-method signature="f()[pri:0, instance:Practice_Selenium.MakeMyTrip_booking_Task@4d154ccd]" started-at="2023-03-31T19:24:20 IST" name="f" finished-at="2023-03-31T19:24:51 IST" duration-ms="30953" status="PASS">
          <reporter-output>
          </reporter-output>
        </test-method> <!-- f -->
      </class> <!-- Practice_Selenium.MakeMyTrip_booking_Task -->
    </test> <!-- Default test -->
  </suite> <!-- Default suite -->
</testng-results>
